<?xml version="1.0" encoding="UTF-8"?>
<testsuite xmlns:xsi="http://www.w3.org/2001/XMLSchema-instance" xsi:noNamespaceSchemaLocation="https://maven.apache.org/surefire/maven-surefire-plugin/xsd/surefire-test-report-3.0.xsd" version="3.0" name="com.in28minutes.learnspringframework.LearnSpringFrameworkApplicationTests" time="4.208" tests="1" errors="0" skipped="0" failures="0">
  <properties>
[...]
</properties>
  <testcase name="contextLoads" classname="com.in28minutes.learnspringframework.LearnSpringFrameworkApplicationTests" time="1.803">
    <system-out><![CDATA[08:17:57.715 [main] INFO org.springframework.test.context.support.AnnotationConfigContextLoaderUtils -- Could not detect default configuration classes for test class [com.in28minutes.learnspringframework.LearnSpringFrameworkApplicationTests]: LearnSpringFrameworkApplicationTests does not declare any static, non-private, non-final, nested classes annotated with @Configuration.
08:17:57.883 [main] INFO org.springframework.boot.test.context.SpringBootTestContextBootstrapper -- Found @SpringBootConfiguration com.in28minutes.learnspringframework.LearnSpringFrameworkApplication for test class com.in28minutes.learnspringframework.LearnSpringFrameworkApplicationTests

  .   ____          _            __ _ _
 /\\ / ___'_ __ _ _(_)_ __  __ _ \ \ \ \
( ( )\___ | '_ | '_| | '_ \/ _` | \ \ \ \
 \\/  ___)| |_)| | | | | || (_| |  ) ) ) )
  '  |____| .__|_| |_|_| |_\__, | / / / /
 =========|_|==============|___/=/_/_/_/
 :: Spring Boot ::               (v3.1.10)

2024-04-02T08:17:58.910+05:30  INFO 11028 --- [           main] i.l.LearnSpringFrameworkApplicationTests : Starting LearnSpringFrameworkApplicationTests using Java 22 with PID 11028 (started by Windows10 in D:\springBootCloud\learn-spring-framework)
2024-04-02T08:17:58.913+05:30  INFO 11028 --- [           main] i.l.LearnSpringFrameworkApplicationTests : No active profile set, falling back to 1 default profile: "default"
2024-04-02T08:17:59.646+05:30  INFO 11028 --- [           main] i.l.LearnSpringFrameworkApplicationTests : Started LearnSpringFrameworkApplicationTests in 1.464 seconds (process running for 3.526)
]]></system-out>
    <system-err><![CDATA[WARNING: A Java agent has been loaded dynamically (C:\Users\Windows10\.m2\repository\net\bytebuddy\byte-buddy-agent\1.14.12\byte-buddy-agent-1.14.12.jar)
WARNING: If a serviceability tool is in use, please run with -XX:+EnableDynamicAgentLoading to hide this warning
WARNING: If a serviceability tool is not in use, please run with -Djdk.instrument.traceUsage for more information
WARNING: Dynamic loading of agents will be disallowed by default in a future release
]]></system-err>
  </testcase>
</testsuite>